<?xml version="1.0" encoding="UTF-8"?>
<coverage generated="1559210339478" clover="3.2.0">
  <project timestamp="1559210339478" name="All files">
    <metrics statements="64" coveredstatements="64" conditionals="44" coveredconditionals="41" methods="15" coveredmethods="15" elements="123" coveredelements="120" complexity="0" loc="64" ncloc="64" packages="1" files="3" classes="3"/>
    <file name="constants.js" path="C:\Users\Admin\Documents\WebProject\createComponent\src\constants.js">
      <metrics statements="1" coveredstatements="1" conditionals="0" coveredconditionals="0" methods="0" coveredmethods="0"/>
      <line num="1" count="1" type="stmt"/>
    </file>
    <file name="createComponent.js" path="C:\Users\Admin\Documents\WebProject\createComponent\src\createComponent.js">
      <metrics statements="55" coveredstatements="55" conditionals="38" coveredconditionals="36" methods="12" coveredmethods="12"/>
      <line num="5" count="1" type="stmt"/>
      <line num="14" count="1" type="stmt"/>
      <line num="15" count="17" type="stmt"/>
      <line num="19" count="17" type="stmt"/>
      <line num="24" count="17" type="stmt"/>
      <line num="29" count="17" type="cond" truecount="2" falsecount="0"/>
      <line num="30" count="2" type="stmt"/>
      <line num="31" count="4" type="stmt"/>
      <line num="35" count="17" type="stmt"/>
      <line num="37" count="17" type="stmt"/>
      <line num="44" count="12" type="cond" truecount="2" falsecount="0"/>
      <line num="45" count="11" type="stmt"/>
      <line num="47" count="12" type="cond" truecount="2" falsecount="0"/>
      <line num="48" count="2" type="stmt"/>
      <line num="51" count="12" type="stmt"/>
      <line num="56" count="5" type="stmt"/>
      <line num="60" count="1" type="stmt"/>
      <line num="85" count="23" type="stmt"/>
      <line num="90" count="23" type="stmt"/>
      <line num="98" count="23" type="cond" truecount="2" falsecount="0"/>
      <line num="99" count="15" type="stmt"/>
      <line num="100" count="17" type="stmt"/>
      <line num="102" count="15" type="stmt"/>
      <line num="103" count="15" type="stmt"/>
      <line num="106" count="23" type="cond" truecount="2" falsecount="0"/>
      <line num="108" count="12" type="stmt"/>
      <line num="109" count="12" type="stmt"/>
      <line num="117" count="22" type="stmt"/>
      <line num="119" count="22" type="cond" truecount="2" falsecount="0"/>
      <line num="121" count="13" type="stmt"/>
      <line num="129" count="12" type="stmt"/>
      <line num="130" count="12" type="stmt"/>
      <line num="133" count="12" type="stmt"/>
      <line num="134" count="12" type="stmt"/>
      <line num="135" count="12" type="stmt"/>
      <line num="139" count="11" type="stmt"/>
      <line num="141" count="11" type="cond" truecount="2" falsecount="0"/>
      <line num="145" count="3" type="stmt"/>
      <line num="146" count="3" type="stmt"/>
      <line num="147" count="3" type="stmt"/>
      <line num="148" count="3" type="stmt"/>
      <line num="149" count="3" type="cond" truecount="1" falsecount="1"/>
      <line num="150" count="3" type="stmt"/>
      <line num="151" count="3" type="stmt"/>
      <line num="157" count="13" type="stmt"/>
      <line num="158" count="13" type="stmt"/>
      <line num="159" count="39" type="stmt"/>
      <line num="162" count="13" type="stmt"/>
      <line num="167" count="13" type="stmt"/>
      <line num="168" count="13" type="stmt"/>
      <line num="169" count="13" type="stmt"/>
      <line num="173" count="13" type="stmt"/>
      <line num="181" count="13" type="stmt"/>
      <line num="186" count="9" type="stmt"/>
      <line num="194" count="23" type="stmt"/>
    </file>
    <file name="executeOperation.js" path="C:\Users\Admin\Documents\WebProject\createComponent\src\executeOperation.js">
      <metrics statements="8" coveredstatements="8" conditionals="6" coveredconditionals="5" methods="3" coveredmethods="3"/>
      <line num="23" count="3" type="stmt"/>
      <line num="31" count="3" type="cond" truecount="4" falsecount="0"/>
      <line num="32" count="2" type="stmt"/>
      <line num="33" count="2" type="stmt"/>
      <line num="40" count="1" type="stmt"/>
      <line num="41" count="2" type="cond" truecount="1" falsecount="1"/>
      <line num="42" count="2" type="stmt"/>
      <line num="43" count="2" type="stmt"/>
    </file>
  </project>
</coverage>
