<?xml version="1.0" encoding="UTF-8"?>
<coverage generated="1559972957743" clover="3.2.0">
  <project timestamp="1559972957743" name="All files">
    <metrics statements="84" coveredstatements="77" conditionals="52" coveredconditionals="41" methods="20" coveredmethods="20" elements="156" coveredelements="138" complexity="0" loc="84" ncloc="84" packages="1" files="4" classes="4"/>
    <file name="constants.js" path="C:\Users\Admin\Documents\WebProject\createComponent\src\constants.js">
      <metrics statements="1" coveredstatements="1" conditionals="0" coveredconditionals="0" methods="0" coveredmethods="0"/>
      <line num="1" count="1" type="stmt"/>
    </file>
    <file name="createComponent.js" path="C:\Users\Admin\Documents\WebProject\createComponent\src\createComponent.js">
      <metrics statements="68" coveredstatements="61" conditionals="46" coveredconditionals="36" methods="15" coveredmethods="15"/>
      <line num="6" count="1" type="stmt"/>
      <line num="15" count="1" type="stmt"/>
      <line num="16" count="17" type="stmt"/>
      <line num="20" count="17" type="stmt"/>
      <line num="25" count="17" type="stmt"/>
      <line num="30" count="17" type="cond" truecount="2" falsecount="0"/>
      <line num="31" count="2" type="stmt"/>
      <line num="32" count="4" type="stmt"/>
      <line num="36" count="17" type="stmt"/>
      <line num="38" count="17" type="stmt"/>
      <line num="45" count="12" type="cond" truecount="2" falsecount="0"/>
      <line num="46" count="12" type="stmt"/>
      <line num="48" count="12" type="cond" truecount="2" falsecount="0"/>
      <line num="49" count="2" type="stmt"/>
      <line num="52" count="12" type="stmt"/>
      <line num="57" count="5" type="stmt"/>
      <line num="61" count="1" type="stmt"/>
      <line num="93" count="23" type="stmt"/>
      <line num="98" count="23" type="stmt"/>
      <line num="106" count="23" type="cond" truecount="2" falsecount="0"/>
      <line num="107" count="15" type="stmt"/>
      <line num="108" count="17" type="stmt"/>
      <line num="110" count="15" type="stmt"/>
      <line num="111" count="15" type="stmt"/>
      <line num="114" count="23" type="cond" truecount="2" falsecount="0"/>
      <line num="118" count="22" type="stmt"/>
      <line num="120" count="22" type="cond" truecount="2" falsecount="0"/>
      <line num="122" count="13" type="stmt"/>
      <line num="130" count="12" type="stmt"/>
      <line num="131" count="12" type="stmt"/>
      <line num="134" count="12" type="stmt"/>
      <line num="135" count="12" type="stmt"/>
      <line num="136" count="12" type="stmt"/>
      <line num="140" count="11" type="stmt"/>
      <line num="141" count="11" type="stmt"/>
      <line num="142" count="11" type="stmt"/>
      <line num="143" count="11" type="cond" truecount="2" falsecount="0"/>
      <line num="144" count="11" type="stmt"/>
      <line num="147" count="11" type="stmt"/>
      <line num="158" count="3" type="stmt"/>
      <line num="160" count="3" type="stmt"/>
      <line num="170" count="3" type="stmt"/>
      <line num="171" count="3" type="stmt"/>
      <line num="172" count="3" type="stmt"/>
      <line num="173" count="3" type="stmt"/>
      <line num="174" count="3" type="cond" truecount="1" falsecount="1"/>
      <line num="175" count="3" type="stmt"/>
      <line num="176" count="3" type="stmt"/>
      <line num="182" count="14" type="stmt"/>
      <line num="183" count="14" type="stmt"/>
      <line num="184" count="6" type="stmt"/>
      <line num="187" count="14" type="stmt"/>
      <line num="192" count="14" type="stmt"/>
      <line num="193" count="14" type="stmt"/>
      <line num="194" count="14" type="stmt"/>
      <line num="198" count="14" type="stmt"/>
      <line num="208" count="13" type="stmt"/>
      <line num="213" count="9" type="stmt"/>
      <line num="222" count="23" type="stmt"/>
      <line num="228" count="3" type="cond" truecount="1" falsecount="7"/>
      <line num="230" count="3" type="stmt"/>
      <line num="232" count="0" type="stmt"/>
      <line num="234" count="0" type="stmt"/>
      <line num="236" count="0" type="stmt"/>
      <line num="238" count="0" type="stmt"/>
      <line num="240" count="0" type="stmt"/>
      <line num="242" count="0" type="stmt"/>
      <line num="244" count="0" type="stmt"/>
    </file>
    <file name="eventMapper.js" path="C:\Users\Admin\Documents\WebProject\createComponent\src\eventMapper.js">
      <metrics statements="6" coveredstatements="6" conditionals="0" coveredconditionals="0" methods="2" coveredmethods="2"/>
      <line num="2" count="1" type="stmt"/>
      <line num="15" count="12" type="stmt"/>
      <line num="16" count="12" type="stmt"/>
      <line num="17" count="12" type="stmt"/>
      <line num="18" count="3" type="stmt"/>
      <line num="21" count="12" type="stmt"/>
    </file>
    <file name="executeOperation.js" path="C:\Users\Admin\Documents\WebProject\createComponent\src\executeOperation.js">
      <metrics statements="9" coveredstatements="9" conditionals="6" coveredconditionals="5" methods="3" coveredmethods="3"/>
      <line num="23" count="3" type="stmt"/>
      <line num="31" count="3" type="cond" truecount="4" falsecount="0"/>
      <line num="32" count="2" type="stmt"/>
      <line num="35" count="3" type="stmt"/>
      <line num="36" count="3" type="stmt"/>
      <line num="41" count="1" type="stmt"/>
      <line num="42" count="2" type="cond" truecount="1" falsecount="1"/>
      <line num="43" count="2" type="stmt"/>
      <line num="44" count="2" type="stmt"/>
    </file>
  </project>
</coverage>
