{"C:\\Users\\Admin\\Documents\\WebProject\\createComponent\\src\\createComponent.js": {"path":"C:\\Users\\Admin\\Documents\\WebProject\\createComponent\\src\\createComponent.js","statementMap":{"0":{"start":{"line":7,"column":26},"end":{"line":7,"column":47}},"1":{"start":{"line":17,"column":24},"end":{"line":45,"column":1}},"2":{"start":{"line":18,"column":16},"end":{"line":24,"column":3}},"3":{"start":{"line":26,"column":2},"end":{"line":29,"column":3}},"4":{"start":{"line":31,"column":2},"end":{"line":34,"column":3}},"5":{"start":{"line":36,"column":2},"end":{"line":40,"column":3}},"6":{"start":{"line":37,"column":4},"end":{"line":39,"column":5}},"7":{"start":{"line":38,"column":6},"end":{"line":38,"column":43}},"8":{"start":{"line":42,"column":2},"end":{"line":42,"column":23}},"9":{"start":{"line":44,"column":2},"end":{"line":44,"column":17}},"10":{"start":{"line":51,"column":2},"end":{"line":51,"column":52}},"11":{"start":{"line":55,"column":2},"end":{"line":55,"column":55}},"12":{"start":{"line":59,"column":2},"end":{"line":59,"column":55}},"13":{"start":{"line":63,"column":2},"end":{"line":63,"column":55}},"14":{"start":{"line":69,"column":16},"end":{"line":73,"column":1}},"15":{"start":{"line":91,"column":2},"end":{"line":94,"column":3}},"16":{"start":{"line":96,"column":2},"end":{"line":100,"column":4}},"17":{"start":{"line":104,"column":2},"end":{"line":110,"column":3}},"18":{"start":{"line":105,"column":4},"end":{"line":107,"column":5}},"19":{"start":{"line":106,"column":6},"end":{"line":106,"column":60}},"20":{"start":{"line":108,"column":30},"end":{"line":108,"column":38}},"21":{"start":{"line":109,"column":4},"end":{"line":109,"column":20}},"22":{"start":{"line":115,"column":31},"end":{"line":115,"column":34}},"23":{"start":{"line":117,"column":4},"end":{"line":148,"column":5}},"24":{"start":{"line":121,"column":10},"end":{"line":121,"column":23}},"25":{"start":{"line":122,"column":10},"end":{"line":124,"column":11}},"26":{"start":{"line":125,"column":29},"end":{"line":125,"column":39}},"27":{"start":{"line":126,"column":10},"end":{"line":129,"column":11}},"28":{"start":{"line":133,"column":10},"end":{"line":133,"column":29}},"29":{"start":{"line":137,"column":43},"end":{"line":137,"column":53}},"30":{"start":{"line":138,"column":28},"end":{"line":138,"column":32}},"31":{"start":{"line":139,"column":10},"end":{"line":139,"column":41}},"32":{"start":{"line":143,"column":10},"end":{"line":143,"column":69}},"33":{"start":{"line":147,"column":6},"end":{"line":147,"column":23}},"34":{"start":{"line":150,"column":4},"end":{"line":150,"column":50}},"35":{"start":{"line":155,"column":2},"end":{"line":155,"column":25}}},"fnMap":{"0":{"name":"createTypedElement","decl":{"start":{"line":17,"column":33},"end":{"line":17,"column":51}},"loc":{"start":{"line":17,"column":72},"end":{"line":45,"column":1}},"line":17},"1":{"name":"createStyledElement","decl":{"start":{"line":50,"column":16},"end":{"line":50,"column":35}},"loc":{"start":{"line":50,"column":59},"end":{"line":52,"column":1}},"line":50},"2":{"name":"createClickableElement","decl":{"start":{"line":54,"column":16},"end":{"line":54,"column":38}},"loc":{"start":{"line":54,"column":56},"end":{"line":56,"column":1}},"line":54},"3":{"name":"createHoverableElement","decl":{"start":{"line":58,"column":16},"end":{"line":58,"column":38}},"loc":{"start":{"line":58,"column":56},"end":{"line":60,"column":1}},"line":58},"4":{"name":"createFocusableElement","decl":{"start":{"line":62,"column":16},"end":{"line":62,"column":38}},"loc":{"start":{"line":62,"column":56},"end":{"line":64,"column":1}},"line":62},"5":{"name":"createFunctionalComponent","decl":{"start":{"line":83,"column":9},"end":{"line":83,"column":34}},"loc":{"start":{"line":89,"column":5},"end":{"line":157,"column":1}},"line":89},"6":{"name":"wrappeComponent","decl":{"start":{"line":113,"column":13},"end":{"line":113,"column":28}},"loc":{"start":{"line":113,"column":33},"end":{"line":151,"column":3}},"line":113},"7":{"name":"(anonymous_7)","decl":{"start":{"line":120,"column":8},"end":{"line":120,"column":9}},"loc":{"start":{"line":120,"column":26},"end":{"line":130,"column":9}},"line":120},"8":{"name":"(anonymous_8)","decl":{"start":{"line":132,"column":8},"end":{"line":132,"column":9}},"loc":{"start":{"line":132,"column":23},"end":{"line":134,"column":9}},"line":132},"9":{"name":"(anonymous_9)","decl":{"start":{"line":136,"column":8},"end":{"line":136,"column":9}},"loc":{"start":{"line":136,"column":26},"end":{"line":140,"column":9}},"line":136},"10":{"name":"(anonymous_10)","decl":{"start":{"line":142,"column":8},"end":{"line":142,"column":9}},"loc":{"start":{"line":142,"column":16},"end":{"line":144,"column":9}},"line":142}},"branchMap":{"0":{"loc":{"start":{"line":36,"column":2},"end":{"line":40,"column":3}},"type":"if","locations":[{"start":{"line":36,"column":2},"end":{"line":40,"column":3}},{"start":{"line":36,"column":2},"end":{"line":40,"column":3}}],"line":36},"1":{"loc":{"start":{"line":83,"column":35},"end":{"line":89,"column":4}},"type":"default-arg","locations":[{"start":{"line":89,"column":2},"end":{"line":89,"column":4}}],"line":83},"2":{"loc":{"start":{"line":84,"column":1},"end":{"line":84,"column":36}},"type":"default-arg","locations":[{"start":{"line":84,"column":17},"end":{"line":84,"column":36}}],"line":84},"3":{"loc":{"start":{"line":85,"column":1},"end":{"line":85,"column":13}},"type":"default-arg","locations":[{"start":{"line":85,"column":8},"end":{"line":85,"column":13}}],"line":85},"4":{"loc":{"start":{"line":86,"column":1},"end":{"line":86,"column":12}},"type":"default-arg","locations":[{"start":{"line":86,"column":10},"end":{"line":86,"column":12}}],"line":86},"5":{"loc":{"start":{"line":87,"column":1},"end":{"line":87,"column":13}},"type":"default-arg","locations":[{"start":{"line":87,"column":11},"end":{"line":87,"column":13}}],"line":87},"6":{"loc":{"start":{"line":88,"column":1},"end":{"line":88,"column":16}},"type":"default-arg","locations":[{"start":{"line":88,"column":12},"end":{"line":88,"column":16}}],"line":88},"7":{"loc":{"start":{"line":92,"column":6},"end":{"line":92,"column":43}},"type":"binary-expr","locations":[{"start":{"line":92,"column":6},"end":{"line":92,"column":20}},{"start":{"line":92,"column":24},"end":{"line":92,"column":43}}],"line":92},"8":{"loc":{"start":{"line":97,"column":6},"end":{"line":97,"column":41}},"type":"binary-expr","locations":[{"start":{"line":97,"column":6},"end":{"line":97,"column":19}},{"start":{"line":97,"column":23},"end":{"line":97,"column":41}}],"line":97},"9":{"loc":{"start":{"line":104,"column":2},"end":{"line":110,"column":3}},"type":"if","locations":[{"start":{"line":104,"column":2},"end":{"line":110,"column":3}},{"start":{"line":104,"column":2},"end":{"line":110,"column":3}}],"line":104},"10":{"loc":{"start":{"line":117,"column":4},"end":{"line":148,"column":5}},"type":"if","locations":[{"start":{"line":117,"column":4},"end":{"line":148,"column":5}},{"start":{"line":117,"column":4},"end":{"line":148,"column":5}}],"line":117}},"s":{"0":1,"1":1,"2":0,"3":0,"4":0,"5":0,"6":0,"7":0,"8":0,"9":0,"10":0,"11":0,"12":0,"13":0,"14":1,"15":8,"16":8,"17":8,"18":0,"19":0,"20":0,"21":0,"22":6,"23":6,"24":4,"25":4,"26":4,"27":4,"28":0,"29":3,"30":3,"31":3,"32":3,"33":5,"34":1,"35":8},"f":{"0":0,"1":0,"2":0,"3":0,"4":0,"5":8,"6":6,"7":4,"8":0,"9":3,"10":3},"b":{"0":[0,0],"1":[8],"2":[8],"3":[8],"4":[8],"5":[8],"6":[8],"7":[8,0],"8":[8,8],"9":[0,8],"10":[5,1]},"_coverageSchema":"43e27e138ebf9cfc5966b082cf9a028302ed4184","hash":"d561bc935879af21079c6d3e65cada4912487bb4"}
}
