{"C:\\Users\\Admin\\Documents\\WebProject\\createComponent\\src\\createComponent.js": {"path":"C:\\Users\\Admin\\Documents\\WebProject\\createComponent\\src\\createComponent.js","statementMap":{"0":{"start":{"line":5,"column":26},"end":{"line":5,"column":47}},"1":{"start":{"line":15,"column":24},"end":{"line":43,"column":1}},"2":{"start":{"line":16,"column":16},"end":{"line":22,"column":3}},"3":{"start":{"line":24,"column":2},"end":{"line":27,"column":3}},"4":{"start":{"line":29,"column":2},"end":{"line":32,"column":3}},"5":{"start":{"line":34,"column":2},"end":{"line":38,"column":3}},"6":{"start":{"line":35,"column":4},"end":{"line":37,"column":5}},"7":{"start":{"line":36,"column":6},"end":{"line":36,"column":43}},"8":{"start":{"line":40,"column":2},"end":{"line":40,"column":23}},"9":{"start":{"line":42,"column":2},"end":{"line":42,"column":17}},"10":{"start":{"line":47,"column":17},"end":{"line":47,"column":24}},"11":{"start":{"line":48,"column":1},"end":{"line":50,"column":2}},"12":{"start":{"line":49,"column":2},"end":{"line":49,"column":70}},"13":{"start":{"line":49,"column":56},"end":{"line":49,"column":69}},"14":{"start":{"line":51,"column":1},"end":{"line":51,"column":17}},"15":{"start":{"line":56,"column":2},"end":{"line":56,"column":83}},"16":{"start":{"line":56,"column":23},"end":{"line":56,"column":83}},"17":{"start":{"line":56,"column":67},"end":{"line":56,"column":74}},"18":{"start":{"line":57,"column":2},"end":{"line":57,"column":72}},"19":{"start":{"line":57,"column":18},"end":{"line":57,"column":72}},"20":{"start":{"line":57,"column":55},"end":{"line":57,"column":62}},"21":{"start":{"line":58,"column":2},"end":{"line":58,"column":85}},"22":{"start":{"line":58,"column":26},"end":{"line":58,"column":85}},"23":{"start":{"line":58,"column":69},"end":{"line":58,"column":76}},"24":{"start":{"line":60,"column":2},"end":{"line":60,"column":52}},"25":{"start":{"line":64,"column":2},"end":{"line":64,"column":55}},"26":{"start":{"line":68,"column":2},"end":{"line":68,"column":55}},"27":{"start":{"line":72,"column":2},"end":{"line":72,"column":55}},"28":{"start":{"line":78,"column":16},"end":{"line":85,"column":1}},"29":{"start":{"line":103,"column":2},"end":{"line":106,"column":3}},"30":{"start":{"line":108,"column":2},"end":{"line":112,"column":4}},"31":{"start":{"line":116,"column":2},"end":{"line":122,"column":3}},"32":{"start":{"line":117,"column":4},"end":{"line":119,"column":5}},"33":{"start":{"line":118,"column":6},"end":{"line":118,"column":69}},"34":{"start":{"line":120,"column":30},"end":{"line":120,"column":38}},"35":{"start":{"line":121,"column":4},"end":{"line":121,"column":20}},"36":{"start":{"line":124,"column":63},"end":{"line":124,"column":75}},"37":{"start":{"line":128,"column":31},"end":{"line":128,"column":34}},"38":{"start":{"line":130,"column":4},"end":{"line":161,"column":5}},"39":{"start":{"line":134,"column":10},"end":{"line":134,"column":23}},"40":{"start":{"line":135,"column":10},"end":{"line":137,"column":11}},"41":{"start":{"line":138,"column":29},"end":{"line":138,"column":39}},"42":{"start":{"line":139,"column":10},"end":{"line":142,"column":11}},"43":{"start":{"line":146,"column":10},"end":{"line":146,"column":29}},"44":{"start":{"line":150,"column":43},"end":{"line":150,"column":53}},"45":{"start":{"line":151,"column":28},"end":{"line":151,"column":32}},"46":{"start":{"line":152,"column":10},"end":{"line":152,"column":41}},"47":{"start":{"line":156,"column":10},"end":{"line":156,"column":91}},"48":{"start":{"line":160,"column":6},"end":{"line":160,"column":23}},"49":{"start":{"line":163,"column":4},"end":{"line":163,"column":26}},"50":{"start":{"line":166,"column":4},"end":{"line":171,"column":19}},"51":{"start":{"line":176,"column":2},"end":{"line":176,"column":25}}},"fnMap":{"0":{"name":"createTypedElement","decl":{"start":{"line":15,"column":33},"end":{"line":15,"column":51}},"loc":{"start":{"line":15,"column":72},"end":{"line":43,"column":1}},"line":15},"1":{"name":"createDataTagedElement","decl":{"start":{"line":46,"column":16},"end":{"line":46,"column":38}},"loc":{"start":{"line":46,"column":52},"end":{"line":52,"column":1}},"line":46},"2":{"name":"(anonymous_2)","decl":{"start":{"line":49,"column":50},"end":{"line":49,"column":51}},"loc":{"start":{"line":49,"column":56},"end":{"line":49,"column":69}},"line":49},"3":{"name":"createStyledElement","decl":{"start":{"line":55,"column":16},"end":{"line":55,"column":35}},"loc":{"start":{"line":55,"column":59},"end":{"line":61,"column":1}},"line":55},"4":{"name":"(anonymous_4)","decl":{"start":{"line":56,"column":61},"end":{"line":56,"column":62}},"loc":{"start":{"line":56,"column":67},"end":{"line":56,"column":74}},"line":56},"5":{"name":"(anonymous_5)","decl":{"start":{"line":57,"column":49},"end":{"line":57,"column":50}},"loc":{"start":{"line":57,"column":55},"end":{"line":57,"column":62}},"line":57},"6":{"name":"(anonymous_6)","decl":{"start":{"line":58,"column":63},"end":{"line":58,"column":64}},"loc":{"start":{"line":58,"column":69},"end":{"line":58,"column":76}},"line":58},"7":{"name":"createClickableElement","decl":{"start":{"line":63,"column":16},"end":{"line":63,"column":38}},"loc":{"start":{"line":63,"column":56},"end":{"line":65,"column":1}},"line":63},"8":{"name":"createHoverableElement","decl":{"start":{"line":67,"column":16},"end":{"line":67,"column":38}},"loc":{"start":{"line":67,"column":56},"end":{"line":69,"column":1}},"line":67},"9":{"name":"createFocusableElement","decl":{"start":{"line":71,"column":16},"end":{"line":71,"column":38}},"loc":{"start":{"line":71,"column":56},"end":{"line":73,"column":1}},"line":71},"10":{"name":"createFunctionalComponent","decl":{"start":{"line":95,"column":9},"end":{"line":95,"column":34}},"loc":{"start":{"line":101,"column":5},"end":{"line":178,"column":1}},"line":101},"11":{"name":"wrappeComponent","decl":{"start":{"line":126,"column":13},"end":{"line":126,"column":28}},"loc":{"start":{"line":126,"column":33},"end":{"line":172,"column":3}},"line":126},"12":{"name":"(anonymous_12)","decl":{"start":{"line":133,"column":8},"end":{"line":133,"column":9}},"loc":{"start":{"line":133,"column":26},"end":{"line":143,"column":9}},"line":133},"13":{"name":"(anonymous_13)","decl":{"start":{"line":145,"column":8},"end":{"line":145,"column":9}},"loc":{"start":{"line":145,"column":23},"end":{"line":147,"column":9}},"line":145},"14":{"name":"(anonymous_14)","decl":{"start":{"line":149,"column":8},"end":{"line":149,"column":9}},"loc":{"start":{"line":149,"column":26},"end":{"line":153,"column":9}},"line":149},"15":{"name":"(anonymous_15)","decl":{"start":{"line":155,"column":8},"end":{"line":155,"column":9}},"loc":{"start":{"line":155,"column":16},"end":{"line":157,"column":9}},"line":155}},"branchMap":{"0":{"loc":{"start":{"line":34,"column":2},"end":{"line":38,"column":3}},"type":"if","locations":[{"start":{"line":34,"column":2},"end":{"line":38,"column":3}},{"start":{"line":34,"column":2},"end":{"line":38,"column":3}}],"line":34},"1":{"loc":{"start":{"line":56,"column":2},"end":{"line":56,"column":83}},"type":"if","locations":[{"start":{"line":56,"column":2},"end":{"line":56,"column":83}},{"start":{"line":56,"column":2},"end":{"line":56,"column":83}}],"line":56},"2":{"loc":{"start":{"line":57,"column":2},"end":{"line":57,"column":72}},"type":"if","locations":[{"start":{"line":57,"column":2},"end":{"line":57,"column":72}},{"start":{"line":57,"column":2},"end":{"line":57,"column":72}}],"line":57},"3":{"loc":{"start":{"line":58,"column":2},"end":{"line":58,"column":85}},"type":"if","locations":[{"start":{"line":58,"column":2},"end":{"line":58,"column":85}},{"start":{"line":58,"column":2},"end":{"line":58,"column":85}}],"line":58},"4":{"loc":{"start":{"line":95,"column":35},"end":{"line":101,"column":4}},"type":"default-arg","locations":[{"start":{"line":101,"column":2},"end":{"line":101,"column":4}}],"line":95},"5":{"loc":{"start":{"line":96,"column":1},"end":{"line":96,"column":36}},"type":"default-arg","locations":[{"start":{"line":96,"column":17},"end":{"line":96,"column":36}}],"line":96},"6":{"loc":{"start":{"line":97,"column":1},"end":{"line":97,"column":13}},"type":"default-arg","locations":[{"start":{"line":97,"column":8},"end":{"line":97,"column":13}}],"line":97},"7":{"loc":{"start":{"line":98,"column":1},"end":{"line":98,"column":12}},"type":"default-arg","locations":[{"start":{"line":98,"column":10},"end":{"line":98,"column":12}}],"line":98},"8":{"loc":{"start":{"line":99,"column":1},"end":{"line":99,"column":13}},"type":"default-arg","locations":[{"start":{"line":99,"column":11},"end":{"line":99,"column":13}}],"line":99},"9":{"loc":{"start":{"line":100,"column":1},"end":{"line":100,"column":16}},"type":"default-arg","locations":[{"start":{"line":100,"column":12},"end":{"line":100,"column":16}}],"line":100},"10":{"loc":{"start":{"line":104,"column":6},"end":{"line":104,"column":43}},"type":"binary-expr","locations":[{"start":{"line":104,"column":6},"end":{"line":104,"column":20}},{"start":{"line":104,"column":24},"end":{"line":104,"column":43}}],"line":104},"11":{"loc":{"start":{"line":109,"column":6},"end":{"line":109,"column":41}},"type":"binary-expr","locations":[{"start":{"line":109,"column":6},"end":{"line":109,"column":19}},{"start":{"line":109,"column":23},"end":{"line":109,"column":41}}],"line":109},"12":{"loc":{"start":{"line":116,"column":2},"end":{"line":122,"column":3}},"type":"if","locations":[{"start":{"line":116,"column":2},"end":{"line":122,"column":3}},{"start":{"line":116,"column":2},"end":{"line":122,"column":3}}],"line":116},"13":{"loc":{"start":{"line":124,"column":63},"end":{"line":124,"column":75}},"type":"binary-expr","locations":[{"start":{"line":124,"column":63},"end":{"line":124,"column":69}},{"start":{"line":124,"column":73},"end":{"line":124,"column":75}}],"line":124},"14":{"loc":{"start":{"line":130,"column":4},"end":{"line":161,"column":5}},"type":"if","locations":[{"start":{"line":130,"column":4},"end":{"line":161,"column":5}},{"start":{"line":130,"column":4},"end":{"line":161,"column":5}}],"line":130},"15":{"loc":{"start":{"line":167,"column":17},"end":{"line":167,"column":43}},"type":"cond-expr","locations":[{"start":{"line":167,"column":29},"end":{"line":167,"column":40}},{"start":{"line":167,"column":41},"end":{"line":167,"column":43}}],"line":167},"16":{"loc":{"start":{"line":168,"column":10},"end":{"line":168,"column":22}},"type":"cond-expr","locations":[{"start":{"line":168,"column":15},"end":{"line":168,"column":19}},{"start":{"line":168,"column":20},"end":{"line":168,"column":22}}],"line":168},"17":{"loc":{"start":{"line":169,"column":20},"end":{"line":169,"column":45}},"type":"cond-expr","locations":[{"start":{"line":169,"column":31},"end":{"line":169,"column":42}},{"start":{"line":169,"column":43},"end":{"line":169,"column":45}}],"line":169}},"s":{"0":1,"1":1,"2":4,"3":4,"4":4,"5":4,"6":0,"7":0,"8":4,"9":4,"10":0,"11":0,"12":0,"13":0,"14":0,"15":3,"16":1,"17":1,"18":2,"19":1,"20":1,"21":1,"22":1,"23":1,"24":0,"25":1,"26":0,"27":0,"28":1,"29":12,"30":12,"31":12,"32":4,"33":4,"34":4,"35":4,"36":12,"37":10,"38":10,"39":4,"40":4,"41":4,"42":4,"43":0,"44":3,"45":3,"46":3,"47":3,"48":5,"49":5,"50":5,"51":12},"f":{"0":4,"1":0,"2":0,"3":3,"4":1,"5":1,"6":1,"7":1,"8":0,"9":0,"10":12,"11":10,"12":4,"13":0,"14":3,"15":3},"b":{"0":[0,4],"1":[1,2],"2":[1,1],"3":[1,0],"4":[8],"5":[12],"6":[12],"7":[8],"8":[12],"9":[12],"10":[12,0],"11":[12,12],"12":[4,8],"13":[12,8],"14":[5,5],"15":[1,4],"16":[1,4],"17":[1,4]},"_coverageSchema":"43e27e138ebf9cfc5966b082cf9a028302ed4184","hash":"a0d30827163a67ce1ad2615459f601827bb496e4"}
}
