TN:
SF:C:\Users\Admin\Documents\WebProject\createComponent\src\createComponent.js
FN:17,createTypedElement
FN:50,createStyledElement
FN:54,createClickableElement
FN:58,createHoverableElement
FN:62,createFocusableElement
FN:83,createFunctionalComponent
FN:113,wrappeComponent
FN:120,(anonymous_7)
FN:132,(anonymous_8)
FN:136,(anonymous_9)
FN:142,(anonymous_10)
FNF:11
FNH:5
FNDA:0,createTypedElement
FNDA:0,createStyledElement
FNDA:0,createClickableElement
FNDA:0,createHoverableElement
FNDA:0,createFocusableElement
FNDA:8,createFunctionalComponent
FNDA:6,wrappeComponent
FNDA:4,(anonymous_7)
FNDA:0,(anonymous_8)
FNDA:3,(anonymous_9)
FNDA:3,(anonymous_10)
DA:7,1
DA:17,1
DA:18,0
DA:26,0
DA:31,0
DA:36,0
DA:37,0
DA:38,0
DA:42,0
DA:44,0
DA:51,0
DA:55,0
DA:59,0
DA:63,0
DA:69,1
DA:91,8
DA:96,8
DA:104,8
DA:105,0
DA:106,0
DA:108,0
DA:109,0
DA:115,6
DA:117,6
DA:121,4
DA:122,4
DA:125,4
DA:126,4
DA:133,0
DA:137,3
DA:138,3
DA:139,3
DA:143,3
DA:147,5
DA:150,1
DA:155,8
LF:36
LH:19
BRDA:36,0,0,0
BRDA:36,0,1,0
BRDA:83,1,0,8
BRDA:84,2,0,8
BRDA:85,3,0,8
BRDA:86,4,0,8
BRDA:87,5,0,8
BRDA:88,6,0,8
BRDA:92,7,0,8
BRDA:92,7,1,0
BRDA:97,8,0,8
BRDA:97,8,1,8
BRDA:104,9,0,0
BRDA:104,9,1,8
BRDA:117,10,0,5
BRDA:117,10,1,1
BRF:16
BRH:12
end_of_record
