TN:
SF:C:\Users\Admin\Documents\WebProject\createComponent\src\createComponent.js
FN:15,createTypedElement
FN:43,createAttributesElement
FN:46,(anonymous_2)
FN:56,createInterActiveElement
FN:78,createFunctionalComponent
FN:109,wrappeComponent
FN:116,(anonymous_6)
FN:128,(anonymous_7)
FN:132,(anonymous_8)
FN:138,(anonymous_9)
FNF:10
FNH:9
FNDA:8,createTypedElement
FNDA:6,createAttributesElement
FNDA:6,(anonymous_2)
FNDA:2,createInterActiveElement
FNDA:15,createFunctionalComponent
FNDA:14,wrappeComponent
FNDA:4,(anonymous_6)
FNDA:0,(anonymous_7)
FNDA:3,(anonymous_8)
FNDA:3,(anonymous_9)
DA:5,1
DA:15,1
DA:16,8
DA:20,8
DA:25,8
DA:30,8
DA:31,1
DA:32,2
DA:36,8
DA:38,8
DA:45,6
DA:46,6
DA:48,6
DA:49,1
DA:52,6
DA:57,2
DA:61,1
DA:86,15
DA:91,15
DA:99,15
DA:100,7
DA:101,8
DA:103,7
DA:104,7
DA:107,15
DA:111,14
DA:113,14
DA:117,4
DA:118,4
DA:121,4
DA:122,4
DA:129,0
DA:133,3
DA:134,3
DA:135,3
DA:139,3
DA:143,5
DA:148,9
DA:158,15
LF:39
LH:38
BRDA:30,0,0,1
BRDA:30,0,1,7
BRDA:45,1,0,5
BRDA:45,1,1,1
BRDA:48,2,0,1
BRDA:48,2,1,5
BRDA:78,3,0,8
BRDA:79,4,0,15
BRDA:80,5,0,15
BRDA:81,6,0,8
BRDA:82,7,0,15
BRDA:83,8,0,15
BRDA:87,9,0,15
BRDA:87,9,1,0
BRDA:92,10,0,15
BRDA:92,10,1,15
BRDA:99,11,0,7
BRDA:99,11,1,8
BRDA:107,12,0,15
BRDA:107,12,1,8
BRDA:113,13,0,5
BRDA:113,13,1,9
BRDA:149,14,0,5
BRDA:149,14,1,4
BRDA:150,15,0,1
BRDA:150,15,1,8
BRDA:151,16,0,1
BRDA:151,16,1,8
BRF:28
BRH:27
end_of_record
